GAUCE 5.2 Install Log

Installation Date : 2018.March 29 8:45:12

	 Destination folder 	: C:\Dev\workspace\hyungji\mss\WEB-INF
	 Install IP 		:192.168.56.1
	 Install the Framework : No
파일을 복사합니다...
Finished copying files.

레지스트리를 생성합니다...
설치 디렉토리	: C:\Dev\workspace\hyungji\mss\WEB-INF
설치 IP		: 192.168.56.1
설치 날짜	: 2018.03.29 08:45
설치 OS		: Windows 7

레지스트리를 생성합니다...

예제 파일을 복사합니다...
예제 파일 복사 작업을 완료하였습니다.

모니터링 파일을 복사합니다...
모니터링 파일 복사 작업을 완료하였습니다.

패스워드 파일을 생성합니다...
모니터링 페이지의 초기 로그인 아이디는 [admin] 비밀번호는 [admin] 입니다.

패스워드 파일 생성을 완료하였습니다.

web.xml파일을 수정합니다...web.xml파일 수정을 완료하였습니다.

GAUCE 5.2 서버 설치작업이 완료되었습니다.
